2018-05-24 09:21:56,764 [Worker-5] INFO  c.g.t.t.d.PublishedGradleVersions - Gradle version information cache is not available. Remote download required.
2018-05-24 15:03:39,828 [Worker-2] INFO  c.g.t.t.d.PublishedGradleVersions - Gradle version information cache is up-to-date. Trying to read.
2018-10-17 07:21:40,950 [Worker-5] INFO  c.g.t.t.d.PublishedGradleVersions - Gradle version information cache is out-of-date. Trying to update.
2018-10-17 16:00:31,336 [Worker-2] INFO  c.g.t.t.d.PublishedGradleVersions - Gradle version information cache is up-to-date. Trying to read.
2018-10-17 16:02:17,008 [Worker-1] INFO  c.g.t.t.d.PublishedGradleVersions - Gradle version information cache is up-to-date. Trying to read.
2018-10-17 16:03:08,776 [Start Help Server] INFO  org.eclipse.jetty.util.log - Logging initialized @71183ms to org.eclipse.jetty.util.log.Slf4jLog
2018-10-17 16:03:09,272 [Start Help Server] INFO  org.eclipse.jetty.server.Server - jetty-9.4.8.v20171121, build timestamp: 2017-11-21T14:27:37-07:00, git hash: 82b8fb23f757335bb3329d540ce37a2a2615f0a8
2018-10-17 16:03:09,302 [Start Help Server] INFO  org.eclipse.jetty.server.session - DefaultSessionIdManager workerName=node0
2018-10-17 16:03:09,302 [Start Help Server] INFO  org.eclipse.jetty.server.session - No SessionScavenger set, using defaults
2018-10-17 16:03:09,304 [Start Help Server] INFO  org.eclipse.jetty.server.session - Scavenging every 600000ms
2018-10-17 16:03:09,402 [Start Help Server] INFO  o.e.j.server.handler.ContextHandler - Started o.e.j.s.ServletContextHandler@42c4df34{/help,null,AVAILABLE}
2018-10-17 16:03:09,462 [Start Help Server] INFO  o.e.jetty.server.AbstractConnector - Started ServerConnector@58196ad9{HTTP/1.1,[http/1.1]}{127.0.0.1:58937}
2018-10-17 16:03:09,463 [Start Help Server] INFO  org.eclipse.jetty.server.Server - Started @71871ms
2018-10-17 16:31:10,015 [Stop Help Server] INFO  o.e.jetty.server.AbstractConnector - Stopped ServerConnector@58196ad9{HTTP/1.1,[http/1.1]}{127.0.0.1:0}
2018-10-17 16:31:10,040 [Stop Help Server] INFO  org.eclipse.jetty.server.session - Stopped scavenging
2018-10-17 16:31:10,186 [Stop Help Server] INFO  o.e.j.server.handler.ContextHandler - Stopped o.e.j.s.ServletContextHandler@42c4df34{/help,null,UNAVAILABLE}
2018-10-18 06:52:40,340 [Worker-5] INFO  c.g.t.t.d.PublishedGradleVersions - Gradle version information cache is up-to-date. Trying to read.
2018-10-18 06:54:26,804 [Worker-7] WARN  o.e.r.models.ModelRepository - Failed to download org.eclipse.recommenders:index::zip:0.0.0
org.eclipse.aether.resolution.ArtifactResolutionException: Could not transfer artifact org.eclipse.recommenders:index:zip:0.0.0-SNAPSHOT from/to models (http://download.eclipse.org/recommenders/models/oxygen/): ClientProtocolException
	at org.eclipse.aether.internal.impl.DefaultArtifactResolver.resolve(DefaultArtifactResolver.java:453) ~[na:na]
	at org.eclipse.aether.internal.impl.DefaultArtifactResolver.resolveArtifacts(DefaultArtifactResolver.java:255) ~[na:na]
	at org.eclipse.aether.internal.impl.DefaultArtifactResolver.resolveArtifact(DefaultArtifactResolver.java:232) ~[na:na]
	at org.eclipse.aether.internal.impl.DefaultRepositorySystem.resolveArtifact(DefaultRepositorySystem.java:303) ~[na:na]
	at org.eclipse.recommenders.models.ModelRepository.resolveInternal(ModelRepository.java:193) [org.eclipse.recommenders.models_2.5.2.v20180401-1226.jar:na]
	at org.eclipse.recommenders.models.ModelRepository.resolve(ModelRepository.java:172) [org.eclipse.recommenders.models_2.5.2.v20180401-1226.jar:na]
	at org.eclipse.recommenders.internal.models.rcp.EclipseModelRepository.resolve(EclipseModelRepository.java:168) [org.eclipse.recommenders.models.rcp_2.5.2.v20180401-1226.jar:na]
	at org.eclipse.recommenders.internal.models.rcp.DownloadModelArchiveJob.run(DownloadModelArchiveJob.java:76) [org.eclipse.recommenders.models.rcp_2.5.2.v20180401-1226.jar:na]
	at org.eclipse.core.internal.jobs.Worker.run(Worker.java:56) [org.eclipse.core.jobs_3.9.3.v20180115-1757.jar:na]
Caused by: org.eclipse.aether.transfer.ArtifactTransferException: Could not transfer artifact org.eclipse.recommenders:index:zip:0.0.0-SNAPSHOT from/to models (http://download.eclipse.org/recommenders/models/oxygen/): ClientProtocolException
	at org.eclipse.aether.connector.basic.ArtifactTransportListener.transferFailed(ArtifactTransportListener.java:52) ~[org.apache.maven.resolver.connector.basic_1.0.3.v20170405-0725.jar:1.0.3]
	at org.eclipse.aether.connector.basic.BasicRepositoryConnector$TaskRunner.run(BasicRepositoryConnector.java:364) ~[org.apache.maven.resolver.connector.basic_1.0.3.v20170405-0725.jar:1.0.3]
	at org.eclipse.aether.util.concurrency.RunnableErrorForwarder$1.run(RunnableErrorForwarder.java:76) ~[na:na]
	at org.eclipse.aether.connector.basic.BasicRepositoryConnector$DirectExecutor.execute(BasicRepositoryConnector.java:590) ~[org.apache.maven.resolver.connector.basic_1.0.3.v20170405-0725.jar:1.0.3]
	at org.eclipse.aether.connector.basic.BasicRepositoryConnector.get(BasicRepositoryConnector.java:258) ~[org.apache.maven.resolver.connector.basic_1.0.3.v20170405-0725.jar:1.0.3]
	at org.eclipse.aether.internal.impl.DefaultArtifactResolver.performDownloads(DefaultArtifactResolver.java:529) ~[na:na]
	at org.eclipse.aether.internal.impl.DefaultArtifactResolver.resolve(DefaultArtifactResolver.java:430) ~[na:na]
	... 8 common frames omitted
Caused by: org.apache.http.client.ClientProtocolException: null
	at org.apache.http.impl.client.AbstractHttpClient.doExecute(AbstractHttpClient.java:888) ~[na:na]
	at org.apache.http.impl.client.CloseableHttpClient.execute(CloseableHttpClient.java:71) ~[na:na]
	at org.apache.http.impl.client.CloseableHttpClient.execute(CloseableHttpClient.java:55) ~[na:na]
	at org.apache.http.impl.client.DecompressingHttpClient.execute(DecompressingHttpClient.java:164) ~[na:na]
	at org.eclipse.aether.transport.http.HttpTransporter.execute(HttpTransporter.java:296) ~[org.apache.maven.resolver.transport.http_1.0.3.v20170405-0725.jar:1.0.3]
	at org.eclipse.aether.transport.http.HttpTransporter.implGet(HttpTransporter.java:252) ~[org.apache.maven.resolver.transport.http_1.0.3.v20170405-0725.jar:1.0.3]
	at org.eclipse.aether.spi.connector.transport.AbstractTransporter.get(AbstractTransporter.java:68) ~[org.apache.maven.resolver.spi_1.0.3.v20170405-0725.jar:1.0.3]
	at org.eclipse.aether.connector.basic.BasicRepositoryConnector$GetTaskRunner.runTask(BasicRepositoryConnector.java:456) ~[org.apache.maven.resolver.connector.basic_1.0.3.v20170405-0725.jar:1.0.3]
	at org.eclipse.aether.connector.basic.BasicRepositoryConnector$TaskRunner.run(BasicRepositoryConnector.java:359) ~[org.apache.maven.resolver.connector.basic_1.0.3.v20170405-0725.jar:1.0.3]
	... 13 common frames omitted
Caused by: org.apache.http.ProtocolException: Invalid redirect URI: http://cb.iphantom.com/block/restricted.html?fn=Secondary Students&fp=2&ip=10.25.34.33&ibip=205.125.11.247&ldu=1&re=0&bu=download.eclipse.org/recommenders/models/oxygen/org/eclipse/recommenders/index/0.0.0-snapshot/index-0.0.0-snapshot.zip&bc=Keyword: "models"
	at org.apache.http.impl.client.DefaultRedirectStrategy.createLocationURI(DefaultRedirectStrategy.java:199) ~[na:na]
	at org.apache.http.impl.client.DefaultRedirectStrategy.getLocationURI(DefaultRedirectStrategy.java:147) ~[na:na]
	at org.apache.http.impl.client.DefaultRedirectStrategy.getRedirect(DefaultRedirectStrategy.java:220) ~[na:na]
	at org.apache.http.impl.client.DefaultRequestDirector.handleResponse(DefaultRequestDirector.java:1085) ~[na:na]
	at org.apache.http.impl.client.DefaultRequestDirector.execute(DefaultRequestDirector.java:516) ~[na:na]
	at org.apache.http.impl.client.AbstractHttpClient.doExecute(AbstractHttpClient.java:884) ~[na:na]
	... 21 common frames omitted
Caused by: java.net.URISyntaxException: Illegal character in query at index 57: http://cb.iphantom.com/block/restricted.html?fn=Secondary Students&fp=2&ip=10.25.34.33&ibip=205.125.11.247&ldu=1&re=0&bu=download.eclipse.org/recommenders/models/oxygen/org/eclipse/recommenders/index/0.0.0-snapshot/index-0.0.0-snapshot.zip&bc=Keyword: "models"
	at java.net.URI$Parser.fail(URI.java:2848) ~[na:1.8.0_92]
	at java.net.URI$Parser.checkChars(URI.java:3021) ~[na:1.8.0_92]
	at java.net.URI$Parser.parseHierarchical(URI.java:3111) ~[na:1.8.0_92]
	at java.net.URI$Parser.parse(URI.java:3053) ~[na:1.8.0_92]
	at java.net.URI.<init>(URI.java:588) ~[na:1.8.0_92]
	at org.apache.http.impl.client.DefaultRedirectStrategy.createLocationURI(DefaultRedirectStrategy.java:188) ~[na:na]
	... 26 common frames omitted
2018-10-25 07:34:36,188 [Worker-5] INFO  c.g.t.t.d.PublishedGradleVersions - Gradle version information cache is out-of-date. Trying to update.
